<?xml version="1.0" encoding="utf-8"?><testsuites><testsuite name="pytest" errors="0" failures="0" skipped="0" tests="0" time="0.646" timestamp="2023-05-25T21:59:16.642338" hostname="Dimitri" /></testsuites>